  BlockTextureManager.cpp
C:\dev\Minecraft-Clone\Minecraft-Clone\src\BlockTextureManager.cpp(45,16): warning C4018: '>': signed/unsigned mismatch
C:\dev\Minecraft-Clone\Minecraft-Clone\src\BlockTextureManager.cpp(51,18): warning C4018: '<': signed/unsigned mismatch
C:\dev\Minecraft-Clone\Minecraft-Clone\src\BlockTextureManager.cpp(82,20): warning C4018: '<': signed/unsigned mismatch
  Chunk.cpp
C:\dev\Minecraft-Clone\Minecraft-Clone\src\Chunk.cpp(115,13): warning C4244: 'initializing': conversion from 'double' to 'float', possible loss of data
C:\dev\Minecraft-Clone\Minecraft-Clone\src\Chunk.cpp(118,22): warning C4244: 'initializing': conversion from 'double' to 'float', possible loss of data
C:\dev\Minecraft-Clone\Minecraft-Clone\src\Chunk.cpp(125,16): warning C4018: '<': signed/unsigned mismatch
C:\dev\Minecraft-Clone\Minecraft-Clone\src\Chunk.cpp(125,33): warning C4018: '>': signed/unsigned mismatch
C:\dev\Minecraft-Clone\Minecraft-Clone\src\Chunk.cpp(128,35): warning C4018: '<=': signed/unsigned mismatch
C:\dev\Minecraft-Clone\Minecraft-Clone\src\Chunk.cpp(190,51): warning C4267: 'initializing': conversion from 'size_t' to 'int', possible loss of data
C:\dev\Minecraft-Clone\Minecraft-Clone\src\Chunk.cpp(284,97): warning C4267: 'argument': conversion from 'size_t' to 'unsigned int', possible loss of data
C:\dev\Minecraft-Clone\Minecraft-Clone\src\Chunk.cpp(286,76): warning C4267: 'argument': conversion from 'size_t' to 'unsigned int', possible loss of data
  ChunkLoader.cpp
  Game.cpp
  IndexBuffer.cpp
  Main.cpp
  Renderer.cpp
  Shader.cpp
  Texture.cpp
  VertexArray.cpp
C:\dev\Minecraft-Clone\Minecraft-Clone\src\VertexArray.cpp(34,4): warning C4312: 'type cast': conversion from 'unsigned int' to 'const void *' of greater size
C:\dev\Minecraft-Clone\Minecraft-Clone\src\VertexArray.cpp(37,4): warning C4312: 'type cast': conversion from 'unsigned int' to 'const void *' of greater size
  VertexBuffer.cpp
LINK : warning LNK4098: defaultlib 'LIBCMT' conflicts with use of other libs; use /NODEFAULTLIB:library
  Generating code
  0 of 2516 functions ( 0.0%) were compiled, the rest were copied from previous compilation.
    0 functions were new in current compilation
    0 functions had inline decision re-evaluated but remain unchanged
  Finished generating code
glew32s.lib(glew.obj) : warning LNK4099: PDB 'vc120.pdb' was not found with 'glew32s.lib(glew.obj)' or at 'C:\dev\Minecraft-Clone\bin\x64\Release\vc120.pdb'; linking object as if no debug info
  Minecraft-Clone.vcxproj -> C:\dev\Minecraft-Clone\bin\x64\Release\Minecraft-Clone.exe
